DEBUG specs2.DefaultExecutionStrategy-7 Lexx - Token(108, 7, 106, true}): Whitespace:  
DEBUG specs2.DefaultExecutionStrategy-7 Lexx - Token(109, 7, 106, false}): Keyword: PRINT
DEBUG specs2.DefaultExecutionStrategy-2 Parser - prefix parse success generated: Element
DEBUG specs2.DefaultExecutionStrategy-2 Parser - parseNextInfix
DEBUG specs2.DefaultExecutionStrategy-2 Lexx - Token(109, 7, 107, true}): Whitespace:  
DEBUG specs2.DefaultExecutionStrategy-2 Lexx - Token(110, 7, 107, false}): Keyword: RETURN
DEBUG specs2.DefaultExecutionStrategy-7 Parser - 1 prefix parsers found for token: Some(Token(Keyword,109,5,PRINT,true,Map()))
DEBUG specs2.DefaultExecutionStrategy-2 Parser - No infix token parsers returned from getNextTokenParser
DEBUG specs2.DefaultExecutionStrategy-7 Parser - parsing: Some(Token(Keyword,109,5,PRINT,true,Map())) with parser PrefixParser(<function1>,0)
DEBUG specs2.DefaultExecutionStrategy-7 Parser - parseNext
DEBUG specs2.DefaultExecutionStrategy-7 Lexx - Token(114, 7, 106, false}): Whitespace:  
DEBUG specs2.DefaultExecutionStrategy-7 Lexx - Token(115, 7, 106, false}): String: !
DEBUG specs2.DefaultExecutionStrategy-2 Parser - parse:  RETURN
70
DEBUG specs2.DefaultExecutionStrategy-2 Parser - parseNext
DEBUG specs2.DefaultExecutionStrategy-2 Lexx - Token(109, 7, 107, true}): Whitespace:  
DEBUG specs2.DefaultExecutionStrategy-2 Lexx - Token(110, 7, 107, false}): Keyword: RETURN
DEBUG specs2.DefaultExecutionStrategy-7 Parser - 1 prefix parsers found for token: Some(Token(String,115,3,!,true,Map()))
DEBUG specs2.DefaultExecutionStrategy-2 Parser - 1 prefix parsers found for token: Some(Token(Keyword,110,6,RETURN,true,Map()))
DEBUG specs2.DefaultExecutionStrategy-7 Parser - parsing: Some(Token(String,115,3,!,true,Map())) with parser LeafParser(<function1>,0)
DEBUG specs2.DefaultExecutionStrategy-2 Parser - parsing: Some(Token(Keyword,110,6,RETURN,true,Map())) with parser LeafParser(<function1>,0)
DEBUG specs2.DefaultExecutionStrategy-7 Parser - prefix parse success generated: Element
DEBUG specs2.DefaultExecutionStrategy-7 Parser - parseNextInfix
DEBUG specs2.DefaultExecutionStrategy-7 Lexx - Token(118, 7, 106, false}): Symbol: ;
DEBUG specs2.DefaultExecutionStrategy-2 Parser - prefix parse success generated: Element
DEBUG specs2.DefaultExecutionStrategy-2 Parser - parseNextInfix
DEBUG specs2.DefaultExecutionStrategy-2 Lexx - Token(116, 8, 117, false}): Symbol: 

DEBUG specs2.DefaultExecutionStrategy-7 Parser - 2 infix parsers found for token: Some(Token(Symbol,118,1,;,true,Map()))
DEBUG specs2.DefaultExecutionStrategy-2 Parser - No infix token parsers returned from getNextTokenParser
DEBUG specs2.DefaultExecutionStrategy-2 Parser - parse: 
70 PRINT 
DEBUG specs2.DefaultExecutionStrategy-2 Parser - parseNext
DEBUG specs2.DefaultExecutionStrategy-2 Lexx - Token(116, 8, 117, false}): Symbol: 

DEBUG specs2.DefaultExecutionStrategy-2 Parser - 1 prefix parsers found for token: Some(Token(Symbol,116,1,
,true,Map()))
DEBUG specs2.DefaultExecutionStrategy-2 Parser - parsing: Some(Token(Symbol,116,1,
,true,Map())) with parser LeafParser(<function1>,100)
DEBUG specs2.DefaultExecutionStrategy-2 Parser - prefix parse success generated: Element
DEBUG specs2.DefaultExecutionStrategy-2 Parser - parseNextInfix
DEBUG specs2.DefaultExecutionStrategy-2 Lexx - Token(117, 8, 117, false}): Integer: 70
DEBUG specs2.DefaultExecutionStrategy-7 Parser - parsing: Some(Token(Symbol,118,1,;,true,Map())) with parser ParseLex(InfixConcatParser(<function1>,7),Lexx(com.twilightfair.juno.language.asoft.Asoft$@1c7e990d,[C@120974ca,Some(Success(Token(Symbol,118,1,;,true,Map()))),Some(Lexx(com.twilightfair.juno.language.asoft.Asoft$@1c7e990d,[C@120974ca,Some(Success(Token(String,115,3,!,true,Map()))),Some(Lexx(com.twilightfair.juno.language.asoft.Asoft$@1c7e990d,[C@120974ca,Some(Success(Token(Whitespace,114,1, ,true,Map()))),Some(Lexx(com.twilightfair.juno.language.asoft.Asoft$@1c7e990d,[C@120974ca,Some(Success(Token(Keyword,109,5,PRINT,true,Map()))),Some(Lexx(com.twilightfair.juno.language.asoft.Asoft$@1c7e990d,[C@120974ca,Some(Success(Token(Whitespace,108,1, ,true,Map()))),Some(Lexx(com.twilightfair.juno.language.asoft.Asoft$@1c7e990d,[C@120974ca,Some(Success(Token(Integer,106,2,60,true,Map()))),Some(Lexx(com.twilightfair.juno.language.asoft.Asoft$@1c7e990d,[C@120974ca,Some(Success(Token(Symbol,105,1,
,true,Map()))),Some(Lexx(com.twilightfair.juno.language.asoft.Asoft$@1c7e990d,[C@120974ca,Some(Success(Token(Symbol,104,1,;,true,Map()))),Some(Lexx(com.twilightfair.juno.language.asoft.Asoft$@1c7e990d,[C@120974ca,Some(Success(Token(String,96,8,Hello ,true,Map()))),Some(Lexx(com.twilightfair.juno.language.asoft.Asoft$@1c7e990d,[C@120974ca,Some(Success(Token(Whitespace,95,1, ,true,Map()))),Some(Lexx(com.twilightfair.juno.language.asoft.Asoft$@1c7e990d,[C@120974ca,Some(Success(Token(Keyword,90,5,PRINT,true,Map()))),Some(Lexx(com.twilightfair.juno.language.asoft.Asoft$@1c7e990d,[C@120974ca,Some(Success(Token(Whitespace,89,1, ,true,Map()))),Some(Lexx(com.twilightfair.juno.language.asoft.Asoft$@1c7e990d,[C@120974ca,Some(Success(Token(Integer,87,2,50,true,Map()))),Some(Lexx(com.twilightfair.juno.language.asoft.Asoft$@1c7e990d,[C@120974ca,Some(Success(Token(Symbol,86,1,
,true,Map()))),Some(Lexx(com.twilightfair.juno.language.asoft.Asoft$@1c7e990d,[C@120974ca,Some(Success(Token(Integer,84,2,60,true,Map()))),Some(Lexx(com.twilightfair.juno.language.asoft.Asoft$@1c7e990d,[C@120974ca,Some(Success(Token(Whitespace,83,1, ,true,Map()))),Some(Lexx(com.twilightfair.juno.language.asoft.Asoft$@1c7e990d,[C@120974ca,Some(Success(Token(Keyword,79,4,GOTO,true,Map()))),Some(Lexx(com.twilightfair.juno.language.asoft.Asoft$@1c7e990d,[C@120974ca,Some(Success(Token(Whitespace,78,1, ,true,Map()))),Some(Lexx(com.twilightfair.juno.language.asoft.Asoft$@1c7e990d,[C@120974ca,Some(Success(Token(Integer,76,2,40,true,Map()))),Some(Lexx(com.twilightfair.juno.language.asoft.Asoft$@1c7e990d,[C@120974ca,Some(Success(Token(Symbol,75,1,
,true,Map()))),Some(Lexx(com.twilightfair.juno.language.asoft.Asoft$@1c7e990d,[C@120974ca,Some(Success(Token(Symbol,74,1,;,true,Map()))),Some(Lexx(com.twilightfair.juno.language.asoft.Asoft$@1c7e990d,[C@120974ca,Some(Success(Token(String,67,7,World,true,Map()))),Some(Lexx(com.twilightfair.juno.language.asoft.Asoft$@1c7e990d,[C@120974ca,Some(Success(Token(Whitespace,66,1, ,true,Map()))),Some(Lexx(com.twilightfair.juno.language.asoft.Asoft$@1c7e990d,[C@120974ca,Some(Success(Token(Keyword,61,5,PRINT,true,Map()))),Some(Lexx(com.twilightfair.juno.language.asoft.Asoft$@1c7e990d,[C@120974ca,Some(Success(Token(Whitespace,60,1, ,true,Map()))),Some(Lexx(com.twilightfair.juno.language.asoft.Asoft$@1c7e990d,[C@120974ca,Some(Success(Token(Integer,58,2,30,true,Map()))),Some(Lexx(com.twilightfair.juno.language.asoft.Asoft$@1c7e990d,[C@120974ca,Some(Success(Token(Symbol,57,1,
,true,Map()))),Some(Lexx(com.twilightfair.juno.language.asoft.Asoft$@1c7e990d,[C@120974ca,Some(Success(Token(Integer,54,3,100,true,Map()))),Some(Lexx(com.twilightfair.juno.language.asoft.Asoft$@1c7e990d,[C@120974ca,Some(Success(Token(Whitespace,53,1, ,true,Map()))),Some(Lexx(com.twilightfair.juno.language.asoft.Asoft$@1c7e990d,[C@120974ca,Some(Success(Token(Symbol,52,1,,,true,Map()))),Some(Lexx(com.twilightfair.juno.language.asoft.Asoft$@1c7e990d,[C@120974ca,Some(Success(Token(Integer,49,3,130,true,Map()))),Some(Lexx(com.twilightfair.juno.language.asoft.Asoft$@1c7e990d,[C@120974ca,Some(Success(Token(Whitespace,48,1, ,true,Map()))),Some(Lexx(com.twilightfair.juno.language.asoft.Asoft$@1c7e990d,[C@120974ca,Some(Success(Token(Symbol,47,1,,,true,Map()))),Some(Lexx(com.twilightfair.juno.language.asoft.Asoft$@1c7e990d,[C@120974ca,Some(Success(Token(Integer,44,3,600,true,Map()))),Some(Lexx(com.twilightfair.juno.language.asoft.Asoft$@1c7e990d,[C@120974ca,Some(Success(Token(Whitespace,43,1, ,true,Map()))),Some(Lexx(com.twilightfair.juno.language.asoft.Asoft$@1c7e990d,[C@120974ca,Some(Success(Token(Symbol,42,1,,,true,Map()))),Some(Lexx(com.twilightfair.juno.language.asoft.Asoft$@1c7e990d,[C@120974ca,Some(Success(Token(Integer,39,3,600,true,Map()))),Some(Lexx(com.twilightfair.juno.language.asoft.Asoft$@1c7e990d,[C@120974ca,Some(Success(Token(Whitespace,38,1, ,true,Map()))),Some(Lexx(com.twilightfair.juno.language.asoft.Asoft$@1c7e990d,[C@120974ca,Some(Success(Token(Symbol,37,1,,,true,Map()))),Some(Lexx(com.twilightfair.juno.language.asoft.Asoft$@1c7e990d,[C@120974ca,Some(Success(Token(Integer,35,2,50,true,Map()))),Some(Lexx(com.twilightfair.juno.language.asoft.Asoft$@1c7e990d,[C@120974ca,Some(Success(Token(Whitespace,34,1, ,true,Map()))),Some(Lexx(com.twilightfair.juno.language.asoft.Asoft$@1c7e990d,[C@120974ca,Some(Success(Token(Symbol,33,1,,,true,Map()))),Some(Lexx(com.twilightfair.juno.language.asoft.Asoft$@1c7e990d,[C@120974ca,Some(Success(Token(Integer,30,3,600,true,Map()))),Some(Lexx(com.twilightfair.juno.language.asoft.Asoft$@1c7e990d,[C@120974ca,Some(Success(Token(Whitespace,29,1, ,true,Map()))),Some(Lexx(com.twilightfair.juno.language.asoft.Asoft$@1c7e990d,[C@120974ca,Some(Success(Token(Symbol,28,1,,,true,Map()))),Some(Lexx(com.twilightfair.juno.language.asoft.Asoft$@1c7e990d,[C@120974ca,Some(Success(Token(Integer,25,3,600,true,Map()))),Some(Lexx(com.twilightfair.juno.language.asoft.Asoft$@1c7e990d,[C@120974ca,Some(Success(Token(Whitespace,24,1, ,true,Map()))),Some(Lexx(com.twilightfair.juno.language.asoft.Asoft$@1c7e990d,[C@120974ca,Some(Success(Token(Keyword,20,4,GOTO,true,Map()))),Some(Lexx(com.twilightfair.juno.language.asoft.Asoft$@1c7e990d,[C@120974ca,Some(Success(Token(Whitespace,19,1, ,true,Map()))),Some(Lexx(com.twilightfair.juno.language.asoft.Asoft$@1c7e990d,[C@120974ca,Some(Success(Token(Ident,17,2,X%,true,Map()))),Some(Lexx(com.twilightfair.juno.language.asoft.Asoft$@1c7e990d,[C@120974ca,Some(Success(Token(Whitespace,16,1, ,true,Map()))),Some(Lexx(com.twilightfair.juno.language.asoft.Asoft$@1c7e990d,[C@120974ca,Some(Success(Token(Keyword,14,2,ON,true,Map()))),Some(Lexx(com.twilightfair.juno.language.asoft.Asoft$@1c7e990d,[C@120974ca,Some(Success(Token(Whitespace,13,1, ,true,Map()))),Some(Lexx(com.twilightfair.juno.language.asoft.Asoft$@1c7e990d,[C@120974ca,Some(Success(Token(Integer,11,2,20,true,Map()))),Some(Lexx(com.twilightfair.juno.language.asoft.Asoft$@1c7e990d,[C@120974ca,Some(Success(Token(Symbol,10,1,
,true,Map()))),Some(Lexx(com.twilightfair.juno.language.asoft.Asoft$@1c7e990d,[C@120974ca,Some(Success(Token(Integer,9,1,3,true,Map()))),Some(Lexx(com.twilightfair.juno.language.asoft.Asoft$@1c7e990d,[C@120974ca,Some(Success(Token(Whitespace,8,1, ,true,Map()))),Some(Lexx(com.twilightfair.juno.language.asoft.Asoft$@1c7e990d,[C@120974ca,Some(Success(Token(Symbol,7,1,=,true,Map()))),Some(Lexx(com.twilightfair.juno.language.asoft.Asoft$@1c7e990d,[C@120974ca,Some(Success(Token(Whitespace,6,1, ,true,Map()))),Some(Lexx(com.twilightfair.juno.language.asoft.Asoft$@1c7e990d,[C@120974ca,Some(Success(Token(Ident,4,2,X%,true,Map()))),Some(Lexx(com.twilightfair.juno.language.asoft.Asoft$@1c7e990d,[C@120974ca,Some(Success(Token(Whitespace,3,1, ,true,Map()))),Some(Lexx(com.twilightfair.juno.language.asoft.Asoft$@1c7e990d,[C@120974ca,Some(Success(Token(Integer,1,2,10,true,Map()))),Some(Lexx(com.twilightfair.juno.language.asoft.Asoft$@1c7e990d,[C@120974ca,Some(Success(Token(Symbol,0,1,
,true,Map()))),Some(Lexx(com.twilightfair.juno.language.asoft.Asoft$@1c7e990d,[C@120974ca,None,None,0,1,0,0,true)),1,2,1,1,true)),3,2,1,2,true)),4,2,1,1,false)),6,2,1,2,false)),7,2,1,1,false)),8,2,1,1,false)),9,2,1,1,false)),10,2,1,1,false)),11,3,11,1,false)),13,3,11,2,true)),14,3,11,1,false)),16,3,11,2,false)),17,3,11,1,false)),19,3,11,2,false)),20,3,11,1,false)),24,3,11,4,false)),25,3,11,1,false)),28,3,11,3,false)),29,3,11,1,false)),30,3,11,1,false)),33,3,11,3,false)),34,3,11,1,false)),35,3,11,1,false)),37,3,11,2,false)),38,3,11,1,false)),39,3,11,1,false)),42,3,11,3,false)),43,3,11,1,false)),44,3,11,1,false)),47,3,11,3,false)),48,3,11,1,false)),49,3,11,1,false)),52,3,11,3,false)),53,3,11,1,false)),54,3,11,1,false)),57,3,11,3,false)),58,4,58,1,false)),60,4,58,2,true)),61,4,58,1,false)),66,4,58,5,false)),67,4,58,1,false)),74,4,58,7,false)),75,4,58,1,false)),76,5,76,1,false)),78,5,76,2,true)),79,5,76,1,false)),83,5,76,4,false)),84,5,76,1,false)),86,5,76,2,false)),87,6,87,1,false)),89,6,87,2,true)),90,6,87,1,false)),95,6,87,5,false)),96,6,87,1,false)),104,6,87,8,false)),105,6,87,1,false)),106,7,106,1,false)),108,7,106,2,true)),109,7,106,1,false)),114,7,106,5,false)),115,7,106,1,false)),118,7,106,3,false)),119,7,106,1,false))
DEBUG specs2.DefaultExecutionStrategy-2 Parser - No infix token parsers returned from getNextTokenParser
DEBUG specs2.DefaultExecutionStrategy-7 Parser - parseNext
DEBUG specs2.DefaultExecutionStrategy-7 Lexx - Token(119, 8, 120, false}): Symbol: 

DEBUG specs2.DefaultExecutionStrategy-2 Parser - parse: 70 PRINT "
DEBUG specs2.DefaultExecutionStrategy-2 Parser - parseNext
DEBUG specs2.DefaultExecutionStrategy-2 Lexx - Token(117, 8, 117, false}): Integer: 70
DEBUG specs2.DefaultExecutionStrategy-7 Parser - 1 prefix parsers found for token: Some(Token(Symbol,119,1,
,true,Map()))
DEBUG specs2.DefaultExecutionStrategy-2 Parser - 1 prefix parsers found for token: Some(Token(Integer,117,2,70,true,Map()))
DEBUG specs2.DefaultExecutionStrategy-7 Parser - parsing: Some(Token(Symbol,119,1,
,true,Map())) with parser LeafParser(<function1>,100)
DEBUG specs2.DefaultExecutionStrategy-2 Parser - parsing: Some(Token(Integer,117,2,70,true,Map())) with parser LeafParser(<function1>,6)
DEBUG specs2.DefaultExecutionStrategy-7 Parser - prefix parse success generated: Element
DEBUG specs2.DefaultExecutionStrategy-7 Parser - parseNextInfix
DEBUG specs2.DefaultExecutionStrategy-7 Lexx - Token(120, 8, 120, false}): Whitespace:         
DEBUG specs2.DefaultExecutionStrategy-2 Parser - prefix parse success generated: Element
DEBUG specs2.DefaultExecutionStrategy-2 Parser - parseNextInfix
DEBUG specs2.DefaultExecutionStrategy-2 Lexx - Token(119, 8, 117, true}): Whitespace:  
DEBUG specs2.DefaultExecutionStrategy-2 Lexx - Token(120, 8, 117, false}): Keyword: PRINT
DEBUG specs2.DefaultExecutionStrategy-7 Parser - No infix token parsers returned from getNextTokenParser
DEBUG specs2.DefaultExecutionStrategy-2 Parser - No infix token parsers returned from getNextTokenParser
DEBUG specs2.DefaultExecutionStrategy-2 Parser - parse:  PRINT "!"
DEBUG specs2.DefaultExecutionStrategy-2 Parser - parseNext
DEBUG specs2.DefaultExecutionStrategy-2 Lexx - Token(119, 8, 117, true}): Whitespace:  
DEBUG specs2.DefaultExecutionStrategy-2 Lexx - Token(120, 8, 117, false}): Keyword: PRINT
DEBUG specs2.DefaultExecutionStrategy-2 Parser - 1 prefix parsers found for token: Some(Token(Keyword,120,5,PRINT,true,Map()))
DEBUG specs2.DefaultExecutionStrategy-2 Parser - parsing: Some(Token(Keyword,120,5,PRINT,true,Map())) with parser PrefixParser(<function1>,0)
DEBUG specs2.DefaultExecutionStrategy-2 Parser - parseNext
DEBUG specs2.DefaultExecutionStrategy-2 Lexx - Token(125, 8, 117, false}): Whitespace:  
DEBUG specs2.DefaultExecutionStrategy-2 Lexx - Token(126, 8, 117, false}): String: !
DEBUG specs2.DefaultExecutionStrategy-2 Parser - 1 prefix parsers found for token: Some(Token(String,126,3,!,true,Map()))
DEBUG specs2.DefaultExecutionStrategy-2 Parser - parsing: Some(Token(String,126,3,!,true,Map())) with parser LeafParser(<function1>,0)
DEBUG specs2.DefaultExecutionStrategy-2 Parser - prefix parse success generated: Element
DEBUG specs2.DefaultExecutionStrategy-2 Parser - parseNextInfix
DEBUG specs2.DefaultExecutionStrategy-2 Lexx - Token(129, 8, 117, false}): Symbol: ;
DEBUG specs2.DefaultExecutionStrategy-7 Parser - parsing: Some(Token(Symbol,118,1,;,true,Map())) with parser ParseLex(NoCRParser(<function1>,6),Lexx(com.twilightfair.juno.language.asoft.Asoft$@1c7e990d,[C@120974ca,Some(Success(Token(Symbol,118,1,;,true,Map()))),Some(Lexx(com.twilightfair.juno.language.asoft.Asoft$@1c7e990d,[C@120974ca,Some(Success(Token(String,115,3,!,true,Map()))),Some(Lexx(com.twilightfair.juno.language.asoft.Asoft$@1c7e990d,[C@120974ca,Some(Success(Token(Whitespace,114,1, ,true,Map()))),Some(Lexx(com.twilightfair.juno.language.asoft.Asoft$@1c7e990d,[C@120974ca,Some(Success(Token(Keyword,109,5,PRINT,true,Map()))),Some(Lexx(com.twilightfair.juno.language.asoft.Asoft$@1c7e990d,[C@120974ca,Some(Success(Token(Whitespace,108,1, ,true,Map()))),Some(Lexx(com.twilightfair.juno.language.asoft.Asoft$@1c7e990d,[C@120974ca,Some(Success(Token(Integer,106,2,60,true,Map()))),Some(Lexx(com.twilightfair.juno.language.asoft.Asoft$@1c7e990d,[C@120974ca,Some(Success(Token(Symbol,105,1,
,true,Map()))),Some(Lexx(com.twilightfair.juno.language.asoft.Asoft$@1c7e990d,[C@120974ca,Some(Success(Token(Symbol,104,1,;,true,Map()))),Some(Lexx(com.twilightfair.juno.language.asoft.Asoft$@1c7e990d,[C@120974ca,Some(Success(Token(String,96,8,Hello ,true,Map()))),Some(Lexx(com.twilightfair.juno.language.asoft.Asoft$@1c7e990d,[C@120974ca,Some(Success(Token(Whitespace,95,1, ,true,Map()))),Some(Lexx(com.twilightfair.juno.language.asoft.Asoft$@1c7e990d,[C@120974ca,Some(Success(Token(Keyword,90,5,PRINT,true,Map()))),Some(Lexx(com.twilightfair.juno.language.asoft.Asoft$@1c7e990d,[C@120974ca,Some(Success(Token(Whitespace,89,1, ,true,Map()))),Some(Lexx(com.twilightfair.juno.language.asoft.Asoft$@1c7e990d,[C@120974ca,Some(Success(Token(Integer,87,2,50,true,Map()))),Some(Lexx(com.twilightfair.juno.language.asoft.Asoft$@1c7e990d,[C@120974ca,Some(Success(Token(Symbol,86,1,
,true,Map()))),Some(Lexx(com.twilightfair.juno.language.asoft.Asoft$@1c7e990d,[C@120974ca,Some(Success(Token(Integer,84,2,60,true,Map()))),Some(Lexx(com.twilightfair.juno.language.asoft.Asoft$@1c7e990d,[C@120974ca,Some(Success(Token(Whitespace,83,1, ,true,Map()))),Some(Lexx(com.twilightfair.juno.language.asoft.Asoft$@1c7e990d,[C@120974ca,Some(Success(Token(Keyword,79,4,GOTO,true,Map()))),Some(Lexx(com.twilightfair.juno.language.asoft.Asoft$@1c7e990d,[C@120974ca,Some(Success(Token(Whitespace,78,1, ,true,Map()))),Some(Lexx(com.twilightfair.juno.language.asoft.Asoft$@1c7e990d,[C@120974ca,Some(Success(Token(Integer,76,2,40,true,Map()))),Some(Lexx(com.twilightfair.juno.language.asoft.Asoft$@1c7e990d,[C@120974ca,Some(Success(Token(Symbol,75,1,
,true,Map()))),Some(Lexx(com.twilightfair.juno.language.asoft.Asoft$@1c7e990d,[C@120974ca,Some(Success(Token(Symbol,74,1,;,true,Map()))),Some(Lexx(com.twilightfair.juno.language.asoft.Asoft$@1c7e990d,[C@120974ca,Some(Success(Token(String,67,7,World,true,Map()))),Some(Lexx(com.twilightfair.juno.language.asoft.Asoft$@1c7e990d,[C@120974ca,Some(Success(Token(Whitespace,66,1, ,true,Map()))),Some(Lexx(com.twilightfair.juno.language.asoft.Asoft$@1c7e990d,[C@120974ca,Some(Success(Token(Keyword,61,5,PRINT,true,Map()))),Some(Lexx(com.twilightfair.juno.language.asoft.Asoft$@1c7e990d,[C@120974ca,Some(Success(Token(Whitespace,60,1, ,true,Map()))),Some(Lexx(com.twilightfair.juno.language.asoft.Asoft$@1c7e990d,[C@120974ca,Some(Success(Token(Integer,58,2,30,true,Map()))),Some(Lexx(com.twilightfair.juno.language.asoft.Asoft$@1c7e990d,[C@120974ca,Some(Success(Token(Symbol,57,1,
,true,Map()))),Some(Lexx(com.twilightfair.juno.language.asoft.Asoft$@1c7e990d,[C@120974ca,Some(Success(Token(Integer,54,3,100,true,Map()))),Some(Lexx(com.twilightfair.juno.language.asoft.Asoft$@1c7e990d,[C@120974ca,Some(Success(Token(Whitespace,53,1, ,true,Map()))),Some(Lexx(com.twilightfair.juno.language.asoft.Asoft$@1c7e990d,[C@120974ca,Some(Success(Token(Symbol,52,1,,,true,Map()))),Some(Lexx(com.twilightfair.juno.language.asoft.Asoft$@1c7e990d,[C@120974ca,Some(Success(Token(Integer,49,3,130,true,Map()))),Some(Lexx(com.twilightfair.juno.language.asoft.Asoft$@1c7e990d,[C@120974ca,Some(Success(Token(Whitespace,48,1, ,true,Map()))),Some(Lexx(com.twilightfair.juno.language.asoft.Asoft$@1c7e990d,[C@120974ca,Some(Success(Token(Symbol,47,1,,,true,Map()))),Some(Lexx(com.twilightfair.juno.language.asoft.Asoft$@1c7e990d,[C@120974ca,Some(Success(Token(Integer,44,3,600,true,Map()))),Some(Lexx(com.twilightfair.juno.language.asoft.Asoft$@1c7e990d,[C@120974ca,Some(Success(Token(Whitespace,43,1, ,true,Map()))),Some(Lexx(com.twilightfair.juno.language.asoft.Asoft$@1c7e990d,[C@120974ca,Some(Success(Token(Symbol,42,1,,,true,Map()))),Some(Lexx(com.twilightfair.juno.language.asoft.Asoft$@1c7e990d,[C@120974ca,Some(Success(Token(Integer,39,3,600,true,Map()))),Some(Lexx(com.twilightfair.juno.language.asoft.Asoft$@1c7e990d,[C@120974ca,Some(Success(Token(Whitespace,38,1, ,true,Map()))),Some(Lexx(com.twilightfair.juno.language.asoft.Asoft$@1c7e990d,[C@120974ca,Some(Success(Token(Symbol,37,1,,,true,Map()))),Some(Lexx(com.twilightfair.juno.language.asoft.Asoft$@1c7e990d,[C@120974ca,Some(Success(Token(Integer,35,2,50,true,Map()))),Some(Lexx(com.twilightfair.juno.language.asoft.Asoft$@1c7e990d,[C@120974ca,Some(Success(Token(Whitespace,34,1, ,true,Map()))),Some(Lexx(com.twilightfair.juno.language.asoft.Asoft$@1c7e990d,[C@120974ca,Some(Success(Token(Symbol,33,1,,,true,Map()))),Some(Lexx(com.twilightfair.juno.language.asoft.Asoft$@1c7e990d,[C@120974ca,Some(Success(Token(Integer,30,3,600,true,Map()))),Some(Lexx(com.twilightfair.juno.language.asoft.Asoft$@1c7e990d,[C@120974ca,Some(Success(Token(Whitespace,29,1, ,true,Map()))),Some(Lexx(com.twilightfair.juno.language.asoft.Asoft$@1c7e990d,[C@120974ca,Some(Success(Token(Symbol,28,1,,,true,Map()))),Some(Lexx(com.twilightfair.juno.language.asoft.Asoft$@1c7e990d,[C@120974ca,Some(Success(Token(Integer,25,3,600,true,Map()))),Some(Lexx(com.twilightfair.juno.language.asoft.Asoft$@1c7e990d,[C@120974ca,Some(Success(Token(Whitespace,24,1, ,true,Map()))),Some(Lexx(com.twilightfair.juno.language.asoft.Asoft$@1c7e990d,[C@120974ca,Some(Success(Token(Keyword,20,4,GOTO,true,Map()))),Some(Lexx(com.twilightfair.juno.language.asoft.Asoft$@1c7e990d,[C@120974ca,Some(Success(Token(Whitespace,19,1, ,true,Map()))),Some(Lexx(com.twilightfair.juno.language.asoft.Asoft$@1c7e990d,[C@120974ca,Some(Success(Token(Ident,17,2,X%,true,Map()))),Some(Lexx(com.twilightfair.juno.language.asoft.Asoft$@1c7e990d,[C@120974ca,Some(Success(Token(Whitespace,16,1, ,true,Map()))),Some(Lexx(com.twilightfair.juno.language.asoft.Asoft$@1c7e990d,[C@120974ca,Some(Success(Token(Keyword,14,2,ON,true,Map()))),Some(Lexx(com.twilightfair.juno.language.asoft.Asoft$@1c7e990d,[C@120974ca,Some(Success(Token(Whitespace,13,1, ,true,Map()))),Some(Lexx(com.twilightfair.juno.language.asoft.Asoft$@1c7e990d,[C@120974ca,Some(Success(Token(Integer,11,2,20,true,Map()))),Some(Lexx(com.twilightfair.juno.language.asoft.Asoft$@1c7e990d,[C@120974ca,Some(Success(Token(Symbol,10,1,
,true,Map()))),Some(Lexx(com.twilightfair.juno.language.asoft.Asoft$@1c7e990d,[C@120974ca,Some(Success(Token(Integer,9,1,3,true,Map()))),Some(Lexx(com.twilightfair.juno.language.asoft.Asoft$@1c7e990d,[C@120974ca,Some(Success(Token(Whitespace,8,1, ,true,Map()))),Some(Lexx(com.twilightfair.juno.language.asoft.Asoft$@1c7e990d,[C@120974ca,Some(Success(Token(Symbol,7,1,=,true,Map()))),Some(Lexx(com.twilightfair.juno.language.asoft.Asoft$@1c7e990d,[C@120974ca,Some(Success(Token(Whitespace,6,1, ,true,Map()))),Some(Lexx(com.twilightfair.juno.language.asoft.Asoft$@1c7e990d,[C@120974ca,Some(Success(Token(Ident,4,2,X%,true,Map()))),Some(Lexx(com.twilightfair.juno.language.asoft.Asoft$@1c7e990d,[C@120974ca,Some(Success(Token(Whitespace,3,1, ,true,Map()))),Some(Lexx(com.twilightfair.juno.language.asoft.Asoft$@1c7e990d,[C@120974ca,Some(Success(Token(Integer,1,2,10,true,Map()))),Some(Lexx(com.twilightfair.juno.language.asoft.Asoft$@1c7e990d,[C@120974ca,Some(Success(Token(Symbol,0,1,
,true,Map()))),Some(Lexx(com.twilightfair.juno.language.asoft.Asoft$@1c7e990d,[C@120974ca,None,None,0,1,0,0,true)),1,2,1,1,true)),3,2,1,2,true)),4,2,1,1,false)),6,2,1,2,false)),7,2,1,1,false)),8,2,1,1,false)),9,2,1,1,false)),10,2,1,1,false)),11,3,11,1,false)),13,3,11,2,true)),14,3,11,1,false)),16,3,11,2,false)),17,3,11,1,false)),19,3,11,2,false)),20,3,11,1,false)),24,3,11,4,false)),25,3,11,1,false)),28,3,11,3,false)),29,3,11,1,false)),30,3,11,1,false)),33,3,11,3,false)),34,3,11,1,false)),35,3,11,1,false)),37,3,11,2,false)),38,3,11,1,false)),39,3,11,1,false)),42,3,11,3,false)),43,3,11,1,false)),44,3,11,1,false)),47,3,11,3,false)),48,3,11,1,false)),49,3,11,1,false)),52,3,11,3,false)),53,3,11,1,false)),54,3,11,1,false)),57,3,11,3,false)),58,4,58,1,false)),60,4,58,2,true)),61,4,58,1,false)),66,4,58,5,false)),67,4,58,1,false)),74,4,58,7,false)),75,4,58,1,false)),76,5,76,1,false)),78,5,76,2,true)),79,5,76,1,false)),83,5,76,4,false)),84,5,76,1,false)),86,5,76,2,false)),87,6,87,1,false)),89,6,87,2,true)),90,6,87,1,false)),95,6,87,5,false)),96,6,87,1,false)),104,6,87,8,false)),105,6,87,1,false)),106,7,106,1,false)),108,7,106,2,true)),109,7,106,1,false)),114,7,106,5,false)),115,7,106,1,false)),118,7,106,3,false)),119,7,106,1,false))
DEBUG specs2.DefaultExecutionStrategy-2 Parser - 2 infix parsers found for token: Some(Token(Symbol,129,1,;,true,Map()))
DEBUG specs2.DefaultExecutionStrategy-7 Parser - infix parse success generated: Some(Element)
DEBUG specs2.DefaultExecutionStrategy-7 Parser - parseNextInfix
DEBUG specs2.DefaultExecutionStrategy-7 Lexx - Token(119, 8, 120, false}): Symbol: 

DEBUG specs2.DefaultExecutionStrategy-7 Parser - No infix token parsers returned from getNextTokenParser
DEBUG specs2.DefaultExecutionStrategy-7 Parser - prefix parse success generated: Element
DEBUG specs2.DefaultExecutionStrategy-7 Parser - parseNextInfix
DEBUG specs2.DefaultExecutionStrategy-7 Lexx - Token(119, 8, 120, false}): Symbol: 

DEBUG specs2.DefaultExecutionStrategy-7 Parser - No infix token parsers returned from getNextTokenParser
DEBUG specs2.DefaultExecutionStrategy-2 Parser - parsing: Some(Token(Symbol,129,1,;,true,Map())) with parser ParseLex(InfixConcatParser(<function1>,7),Lexx(com.twilightfair.juno.language.asoft.Asoft$@1c7e990d,[C@20cfb9b8,Some(Success(Token(Symbol,129,1,;,true,Map()))),Some(Lexx(com.twilightfair.juno.language.asoft.Asoft$@1c7e990d,[C@20cfb9b8,Some(Success(Token(String,126,3,!,true,Map()))),Some(Lexx(com.twilightfair.juno.language.asoft.Asoft$@1c7e990d,[C@20cfb9b8,Some(Success(Token(Whitespace,125,1, ,true,Map()))),Some(Lexx(com.twilightfair.juno.language.asoft.Asoft$@1c7e990d,[C@20cfb9b8,Some(Success(Token(Keyword,120,5,PRINT,true,Map()))),Some(Lexx(com.twilightfair.juno.language.asoft.Asoft$@1c7e990d,[C@20cfb9b8,Some(Success(Token(Whitespace,119,1, ,true,Map()))),Some(Lexx(com.twilightfair.juno.language.asoft.Asoft$@1c7e990d,[C@20cfb9b8,Some(Success(Token(Integer,117,2,70,true,Map()))),Some(Lexx(com.twilightfair.juno.language.asoft.Asoft$@1c7e990d,[C@20cfb9b8,Some(Success(Token(Symbol,116,1,
,true,Map()))),Some(Lexx(com.twilightfair.juno.language.asoft.Asoft$@1c7e990d,[C@20cfb9b8,Some(Success(Token(Keyword,110,6,RETURN,true,Map()))),Some(Lexx(com.twilightfair.juno.language.asoft.Asoft$@1c7e990d,[C@20cfb9b8,Some(Success(Token(Whitespace,109,1, ,true,Map()))),Some(Lexx(com.twilightfair.juno.language.asoft.Asoft$@1c7e990d,[C@20cfb9b8,Some(Success(Token(Integer,107,2,60,true,Map()))),Some(Lexx(com.twilightfair.juno.language.asoft.Asoft$@1c7e990d,[C@20cfb9b8,Some(Success(Token(Symbol,106,1,
,true,Map()))),Some(Lexx(com.twilightfair.juno.language.asoft.Asoft$@1c7e990d,[C@20cfb9b8,Some(Success(Token(Symbol,105,1,;,true,Map()))),Some(Lexx(com.twilightfair.juno.language.asoft.Asoft$@1c7e990d,[C@20cfb9b8,Some(Success(Token(String,97,8,Hello ,true,Map()))),Some(Lexx(com.twilightfair.juno.language.asoft.Asoft$@1c7e990d,[C@20cfb9b8,Some(Success(Token(Whitespace,96,1, ,true,Map()))),Some(Lexx(com.twilightfair.juno.language.asoft.Asoft$@1c7e990d,[C@20cfb9b8,Some(Success(Token(Keyword,91,5,PRINT,true,Map()))),Some(Lexx(com.twilightfair.juno.language.asoft.Asoft$@1c7e990d,[C@20cfb9b8,Some(Success(Token(Whitespace,90,1, ,true,Map()))),Some(Lexx(com.twilightfair.juno.language.asoft.Asoft$@1c7e990d,[C@20cfb9b8,Some(Success(Token(Integer,88,2,50,true,Map()))),Some(Lexx(com.twilightfair.juno.language.asoft.Asoft$@1c7e990d,[C@20cfb9b8,Some(Success(Token(Symbol,87,1,
,true,Map()))),Some(Lexx(com.twilightfair.juno.language.asoft.Asoft$@1c7e990d,[C@20cfb9b8,Some(Success(Token(Integer,85,2,70,true,Map()))),Some(Lexx(com.twilightfair.juno.language.asoft.Asoft$@1c7e990d,[C@20cfb9b8,Some(Success(Token(Whitespace,84,1, ,true,Map()))),Some(Lexx(com.twilightfair.juno.language.asoft.Asoft$@1c7e990d,[C@20cfb9b8,Some(Success(Token(Keyword,80,4,GOTO,true,Map()))),Some(Lexx(com.twilightfair.juno.language.asoft.Asoft$@1c7e990d,[C@20cfb9b8,Some(Success(Token(Whitespace,79,1, ,true,Map()))),Some(Lexx(com.twilightfair.juno.language.asoft.Asoft$@1c7e990d,[C@20cfb9b8,Some(Success(Token(Integer,77,2,40,true,Map()))),Some(Lexx(com.twilightfair.juno.language.asoft.Asoft$@1c7e990d,[C@20cfb9b8,Some(Success(Token(Symbol,76,1,
,true,Map()))),Some(Lexx(com.twilightfair.juno.language.asoft.Asoft$@1c7e990d,[C@20cfb9b8,Some(Success(Token(Symbol,75,1,;,true,Map()))),Some(Lexx(com.twilightfair.juno.language.asoft.Asoft$@1c7e990d,[C@20cfb9b8,Some(Success(Token(String,68,7,World,true,Map()))),Some(Lexx(com.twilightfair.juno.language.asoft.Asoft$@1c7e990d,[C@20cfb9b8,Some(Success(Token(Whitespace,67,1, ,true,Map()))),Some(Lexx(com.twilightfair.juno.language.asoft.Asoft$@1c7e990d,[C@20cfb9b8,Some(Success(Token(Keyword,62,5,PRINT,true,Map()))),Some(Lexx(com.twilightfair.juno.language.asoft.Asoft$@1c7e990d,[C@20cfb9b8,Some(Success(Token(Whitespace,61,1, ,true,Map()))),Some(Lexx(com.twilightfair.juno.language.asoft.Asoft$@1c7e990d,[C@20cfb9b8,Some(Success(Token(Integer,59,2,30,true,Map()))),Some(Lexx(com.twilightfair.juno.language.asoft.Asoft$@1c7e990d,[C@20cfb9b8,Some(Success(Token(Symbol,58,1,
,true,Map()))),Some(Lexx(com.twilightfair.juno.language.asoft.Asoft$@1c7e990d,[C@20cfb9b8,Some(Success(Token(Integer,55,3,100,true,Map()))),Some(Lexx(com.twilightfair.juno.language.asoft.Asoft$@1c7e990d,[C@20cfb9b8,Some(Success(Token(Whitespace,54,1, ,true,Map()))),Some(Lexx(com.twilightfair.juno.language.asoft.Asoft$@1c7e990d,[C@20cfb9b8,Some(Success(Token(Symbol,53,1,,,true,Map()))),Some(Lexx(com.twilightfair.juno.language.asoft.Asoft$@1c7e990d,[C@20cfb9b8,Some(Success(Token(Integer,50,3,130,true,Map()))),Some(Lexx(com.twilightfair.juno.language.asoft.Asoft$@1c7e990d,[C@20cfb9b8,Some(Success(Token(Whitespace,49,1, ,true,Map()))),Some(Lexx(com.twilightfair.juno.language.asoft.Asoft$@1c7e990d,[C@20cfb9b8,Some(Success(Token(Symbol,48,1,,,true,Map()))),Some(Lexx(com.twilightfair.juno.language.asoft.Asoft$@1c7e990d,[C@20cfb9b8,Some(Success(Token(Integer,45,3,600,true,Map()))),Some(Lexx(com.twilightfair.juno.language.asoft.Asoft$@1c7e990d,[C@20cfb9b8,Some(Success(Token(Whitespace,44,1, ,true,Map()))),Some(Lexx(com.twilightfair.juno.language.asoft.Asoft$@1c7e990d,[C@20cfb9b8,Some(Success(Token(Symbol,43,1,,,true,Map()))),Some(Lexx(com.twilightfair.juno.language.asoft.Asoft$@1c7e990d,[C@20cfb9b8,Some(Success(Token(Integer,40,3,600,true,Map()))),Some(Lexx(com.twilightfair.juno.language.asoft.Asoft$@1c7e990d,[C@20cfb9b8,Some(Success(Token(Whitespace,39,1, ,true,Map()))),Some(Lexx(com.twilightfair.juno.language.asoft.Asoft$@1c7e990d,[C@20cfb9b8,Some(Success(Token(Symbol,38,1,,,true,Map()))),Some(Lexx(com.twilightfair.juno.language.asoft.Asoft$@1c7e990d,[C@20cfb9b8,Some(Success(Token(Integer,36,2,50,true,Map()))),Some(Lexx(com.twilightfair.juno.language.asoft.Asoft$@1c7e990d,[C@20cfb9b8,Some(Success(Token(Whitespace,35,1, ,true,Map()))),Some(Lexx(com.twilightfair.juno.language.asoft.Asoft$@1c7e990d,[C@20cfb9b8,Some(Success(Token(Symbol,34,1,,,true,Map()))),Some(Lexx(com.twilightfair.juno.language.asoft.Asoft$@1c7e990d,[C@20cfb9b8,Some(Success(Token(Integer,31,3,600,true,Map()))),Some(Lexx(com.twilightfair.juno.language.asoft.Asoft$@1c7e990d,[C@20cfb9b8,Some(Success(Token(Whitespace,30,1, ,true,Map()))),Some(Lexx(com.twilightfair.juno.language.asoft.Asoft$@1c7e990d,[C@20cfb9b8,Some(Success(Token(Symbol,29,1,,,true,Map()))),Some(Lexx(com.twilightfair.juno.language.asoft.Asoft$@1c7e990d,[C@20cfb9b8,Some(Success(Token(Integer,26,3,600,true,Map()))),Some(Lexx(com.twilightfair.juno.language.asoft.Asoft$@1c7e990d,[C@20cfb9b8,Some(Success(Token(Whitespace,25,1, ,true,Map()))),Some(Lexx(com.twilightfair.juno.language.asoft.Asoft$@1c7e990d,[C@20cfb9b8,Some(Success(Token(Keyword,20,5,GOSUB,true,Map()))),Some(Lexx(com.twilightfair.juno.language.asoft.Asoft$@1c7e990d,[C@20cfb9b8,Some(Success(Token(Whitespace,19,1, ,true,Map()))),Some(Lexx(com.twilightfair.juno.language.asoft.Asoft$@1c7e990d,[C@20cfb9b8,Some(Success(Token(Ident,17,2,X%,true,Map()))),Some(Lexx(com.twilightfair.juno.language.asoft.Asoft$@1c7e990d,[C@20cfb9b8,Some(Success(Token(Whitespace,16,1, ,true,Map()))),Some(Lexx(com.twilightfair.juno.language.asoft.Asoft$@1c7e990d,[C@20cfb9b8,Some(Success(Token(Keyword,14,2,ON,true,Map()))),Some(Lexx(com.twilightfair.juno.language.asoft.Asoft$@1c7e990d,[C@20cfb9b8,Some(Success(Token(Whitespace,13,1, ,true,Map()))),Some(Lexx(com.twilightfair.juno.language.asoft.Asoft$@1c7e990d,[C@20cfb9b8,Some(Success(Token(Integer,11,2,20,true,Map()))),Some(Lexx(com.twilightfair.juno.language.asoft.Asoft$@1c7e990d,[C@20cfb9b8,Some(Success(Token(Symbol,10,1,
,true,Map()))),Some(Lexx(com.twilightfair.juno.language.asoft.Asoft$@1c7e990d,[C@20cfb9b8,Some(Success(Token(Integer,9,1,3,true,Map()))),Some(Lexx(com.twilightfair.juno.language.asoft.Asoft$@1c7e990d,[C@20cfb9b8,Some(Success(Token(Whitespace,8,1, ,true,Map()))),Some(Lexx(com.twilightfair.juno.language.asoft.Asoft$@1c7e990d,[C@20cfb9b8,Some(Success(Token(Symbol,7,1,=,true,Map()))),Some(Lexx(com.twilightfair.juno.language.asoft.Asoft$@1c7e990d,[C@20cfb9b8,Some(Success(Token(Whitespace,6,1, ,true,Map()))),Some(Lexx(com.twilightfair.juno.language.asoft.Asoft$@1c7e990d,[C@20cfb9b8,Some(Success(Token(Ident,4,2,X%,true,Map()))),Some(Lexx(com.twilightfair.juno.language.asoft.Asoft$@1c7e990d,[C@20cfb9b8,Some(Success(Token(Whitespace,3,1, ,true,Map()))),Some(Lexx(com.twilightfair.juno.language.asoft.Asoft$@1c7e990d,[C@20cfb9b8,Some(Success(Token(Integer,1,2,10,true,Map()))),Some(Lexx(com.twilightfair.juno.language.asoft.Asoft$@1c7e990d,[C@20cfb9b8,Some(Success(Token(Symbol,0,1,
,true,Map()))),Some(Lexx(com.twilightfair.juno.language.asoft.Asoft$@1c7e990d,[C@20cfb9b8,None,None,0,1,0,0,true)),1,2,1,1,true)),3,2,1,2,true)),4,2,1,1,false)),6,2,1,2,false)),7,2,1,1,false)),8,2,1,1,false)),9,2,1,1,false)),10,2,1,1,false)),11,3,11,1,false)),13,3,11,2,true)),14,3,11,1,false)),16,3,11,2,false)),17,3,11,1,false)),19,3,11,2,false)),20,3,11,1,false)),25,3,11,5,false)),26,3,11,1,false)),29,3,11,3,false)),30,3,11,1,false)),31,3,11,1,false)),34,3,11,3,false)),35,3,11,1,false)),36,3,11,1,false)),38,3,11,2,false)),39,3,11,1,false)),40,3,11,1,false)),43,3,11,3,false)),44,3,11,1,false)),45,3,11,1,false)),48,3,11,3,false)),49,3,11,1,false)),50,3,11,1,false)),53,3,11,3,false)),54,3,11,1,false)),55,3,11,1,false)),58,3,11,3,false)),59,4,59,1,false)),61,4,59,2,true)),62,4,59,1,false)),67,4,59,5,false)),68,4,59,1,false)),75,4,59,7,false)),76,4,59,1,false)),77,5,77,1,false)),79,5,77,2,true)),80,5,77,1,false)),84,5,77,4,false)),85,5,77,1,false)),87,5,77,2,false)),88,6,88,1,false)),90,6,88,2,true)),91,6,88,1,false)),96,6,88,5,false)),97,6,88,1,false)),105,6,88,8,false)),106,6,88,1,false)),107,7,107,1,false)),109,7,107,2,true)),110,7,107,1,false)),116,7,107,6,false)),117,8,117,1,false)),119,8,117,2,true)),120,8,117,1,false)),125,8,117,5,false)),126,8,117,1,false)),129,8,117,3,false)),130,8,117,1,false))
DEBUG specs2.DefaultExecutionStrategy-7 Parser - parse: 
        
DEBUG specs2.DefaultExecutionStrategy-7 Parser - parseNext
DEBUG specs2.DefaultExecutionStrategy-7 Lexx - Token(119, 8, 120, false}): Symbol: 

DEBUG specs2.DefaultExecutionStrategy-2 Parser - parseNext
DEBUG specs2.DefaultExecutionStrategy-2 Lexx - Token(130, 9, 131, false}): Symbol: 

DEBUG specs2.DefaultExecutionStrategy-7 Parser - 1 prefix parsers found for token: Some(Token(Symbol,119,1,
,true,Map()))
DEBUG specs2.DefaultExecutionStrategy-2 Parser - 1 prefix parsers found for token: Some(Token(Symbol,130,1,
,true,Map()))
DEBUG specs2.DefaultExecutionStrategy-7 Parser - parsing: Some(Token(Symbol,119,1,
,true,Map())) with parser LeafParser(<function1>,100)
DEBUG specs2.DefaultExecutionStrategy-2 Parser - parsing: Some(Token(Symbol,130,1,
,true,Map())) with parser LeafParser(<function1>,100)
DEBUG specs2.DefaultExecutionStrategy-7 Parser - prefix parse success generated: Element
DEBUG specs2.DefaultExecutionStrategy-7 Parser - parseNextInfix
DEBUG specs2.DefaultExecutionStrategy-7 Lexx - Token(120, 8, 120, false}): Whitespace:         
DEBUG specs2.DefaultExecutionStrategy-2 Parser - prefix parse success generated: Element
DEBUG specs2.DefaultExecutionStrategy-2 Parser - parseNextInfix
DEBUG specs2.DefaultExecutionStrategy-2 Lexx - Token(131, 9, 131, false}): Whitespace:         
DEBUG specs2.DefaultExecutionStrategy-7 Parser - No infix token parsers returned from getNextTokenParser
DEBUG specs2.DefaultExecutionStrategy-2 Parser - No infix token parsers returned from getNextTokenParser
DEBUG specs2.DefaultExecutionStrategy-7 Parser - parse:         
DEBUG specs2.DefaultExecutionStrategy-7 Parser - parseNext
DEBUG specs2.DefaultExecutionStrategy-7 Lexx - Token(120, 8, 120, false}): Whitespace:         
DEBUG specs2.DefaultExecutionStrategy-7 Parser - No prefix token parsers returned from getNextTokenParser
DEBUG specs2.DefaultExecutionStrategy-7 Parser - Error: Done: No more tokens
DEBUG specs2.DefaultExecutionStrategy-2 Parser - parsing: Some(Token(Symbol,129,1,;,true,Map())) with parser ParseLex(NoCRParser(<function1>,6),Lexx(com.twilightfair.juno.language.asoft.Asoft$@1c7e990d,[C@20cfb9b8,Some(Success(Token(Symbol,129,1,;,true,Map()))),Some(Lexx(com.twilightfair.juno.language.asoft.Asoft$@1c7e990d,[C@20cfb9b8,Some(Success(Token(String,126,3,!,true,Map()))),Some(Lexx(com.twilightfair.juno.language.asoft.Asoft$@1c7e990d,[C@20cfb9b8,Some(Success(Token(Whitespace,125,1, ,true,Map()))),Some(Lexx(com.twilightfair.juno.language.asoft.Asoft$@1c7e990d,[C@20cfb9b8,Some(Success(Token(Keyword,120,5,PRINT,true,Map()))),Some(Lexx(com.twilightfair.juno.language.asoft.Asoft$@1c7e990d,[C@20cfb9b8,Some(Success(Token(Whitespace,119,1, ,true,Map()))),Some(Lexx(com.twilightfair.juno.language.asoft.Asoft$@1c7e990d,[C@20cfb9b8,Some(Success(Token(Integer,117,2,70,true,Map()))),Some(Lexx(com.twilightfair.juno.language.asoft.Asoft$@1c7e990d,[C@20cfb9b8,Some(Success(Token(Symbol,116,1,
,true,Map()))),Some(Lexx(com.twilightfair.juno.language.asoft.Asoft$@1c7e990d,[C@20cfb9b8,Some(Success(Token(Keyword,110,6,RETURN,true,Map()))),Some(Lexx(com.twilightfair.juno.language.asoft.Asoft$@1c7e990d,[C@20cfb9b8,Some(Success(Token(Whitespace,109,1, ,true,Map()))),Some(Lexx(com.twilightfair.juno.language.asoft.Asoft$@1c7e990d,[C@20cfb9b8,Some(Success(Token(Integer,107,2,60,true,Map()))),Some(Lexx(com.twilightfair.juno.language.asoft.Asoft$@1c7e990d,[C@20cfb9b8,Some(Success(Token(Symbol,106,1,
,true,Map()))),Some(Lexx(com.twilightfair.juno.language.asoft.Asoft$@1c7e990d,[C@20cfb9b8,Some(Success(Token(Symbol,105,1,;,true,Map()))),Some(Lexx(com.twilightfair.juno.language.asoft.Asoft$@1c7e990d,[C@20cfb9b8,Some(Success(Token(String,97,8,Hello ,true,Map()))),Some(Lexx(com.twilightfair.juno.language.asoft.Asoft$@1c7e990d,[C@20cfb9b8,Some(Success(Token(Whitespace,96,1, ,true,Map()))),Some(Lexx(com.twilightfair.juno.language.asoft.Asoft$@1c7e990d,[C@20cfb9b8,Some(Success(Token(Keyword,91,5,PRINT,true,Map()))),Some(Lexx(com.twilightfair.juno.language.asoft.Asoft$@1c7e990d,[C@20cfb9b8,Some(Success(Token(Whitespace,90,1, ,true,Map()))),Some(Lexx(com.twilightfair.juno.language.asoft.Asoft$@1c7e990d,[C@20cfb9b8,Some(Success(Token(Integer,88,2,50,true,Map()))),Some(Lexx(com.twilightfair.juno.language.asoft.Asoft$@1c7e990d,[C@20cfb9b8,Some(Success(Token(Symbol,87,1,
,true,Map()))),Some(Lexx(com.twilightfair.juno.language.asoft.Asoft$@1c7e990d,[C@20cfb9b8,Some(Success(Token(Integer,85,2,70,true,Map()))),Some(Lexx(com.twilightfair.juno.language.asoft.Asoft$@1c7e990d,[C@20cfb9b8,Some(Success(Token(Whitespace,84,1, ,true,Map()))),Some(Lexx(com.twilightfair.juno.language.asoft.Asoft$@1c7e990d,[C@20cfb9b8,Some(Success(Token(Keyword,80,4,GOTO,true,Map()))),Some(Lexx(com.twilightfair.juno.language.asoft.Asoft$@1c7e990d,[C@20cfb9b8,Some(Success(Token(Whitespace,79,1, ,true,Map()))),Some(Lexx(com.twilightfair.juno.language.asoft.Asoft$@1c7e990d,[C@20cfb9b8,Some(Success(Token(Integer,77,2,40,true,Map()))),Some(Lexx(com.twilightfair.juno.language.asoft.Asoft$@1c7e990d,[C@20cfb9b8,Some(Success(Token(Symbol,76,1,
,true,Map()))),Some(Lexx(com.twilightfair.juno.language.asoft.Asoft$@1c7e990d,[C@20cfb9b8,Some(Success(Token(Symbol,75,1,;,true,Map()))),Some(Lexx(com.twilightfair.juno.language.asoft.Asoft$@1c7e990d,[C@20cfb9b8,Some(Success(Token(String,68,7,World,true,Map()))),Some(Lexx(com.twilightfair.juno.language.asoft.Asoft$@1c7e990d,[C@20cfb9b8,Some(Success(Token(Whitespace,67,1, ,true,Map()))),Some(Lexx(com.twilightfair.juno.language.asoft.Asoft$@1c7e990d,[C@20cfb9b8,Some(Success(Token(Keyword,62,5,PRINT,true,Map()))),Some(Lexx(com.twilightfair.juno.language.asoft.Asoft$@1c7e990d,[C@20cfb9b8,Some(Success(Token(Whitespace,61,1, ,true,Map()))),Some(Lexx(com.twilightfair.juno.language.asoft.Asoft$@1c7e990d,[C@20cfb9b8,Some(Success(Token(Integer,59,2,30,true,Map()))),Some(Lexx(com.twilightfair.juno.language.asoft.Asoft$@1c7e990d,[C@20cfb9b8,Some(Success(Token(Symbol,58,1,
,true,Map()))),Some(Lexx(com.twilightfair.juno.language.asoft.Asoft$@1c7e990d,[C@20cfb9b8,Some(Success(Token(Integer,55,3,100,true,Map()))),Some(Lexx(com.twilightfair.juno.language.asoft.Asoft$@1c7e990d,[C@20cfb9b8,Some(Success(Token(Whitespace,54,1, ,true,Map()))),Some(Lexx(com.twilightfair.juno.language.asoft.Asoft$@1c7e990d,[C@20cfb9b8,Some(Success(Token(Symbol,53,1,,,true,Map()))),Some(Lexx(com.twilightfair.juno.language.asoft.Asoft$@1c7e990d,[C@20cfb9b8,Some(Success(Token(Integer,50,3,130,true,Map()))),Some(Lexx(com.twilightfair.juno.language.asoft.Asoft$@1c7e990d,[C@20cfb9b8,Some(Success(Token(Whitespace,49,1, ,true,Map()))),Some(Lexx(com.twilightfair.juno.language.asoft.Asoft$@1c7e990d,[C@20cfb9b8,Some(Success(Token(Symbol,48,1,,,true,Map()))),Some(Lexx(com.twilightfair.juno.language.asoft.Asoft$@1c7e990d,[C@20cfb9b8,Some(Success(Token(Integer,45,3,600,true,Map()))),Some(Lexx(com.twilightfair.juno.language.asoft.Asoft$@1c7e990d,[C@20cfb9b8,Some(Success(Token(Whitespace,44,1, ,true,Map()))),Some(Lexx(com.twilightfair.juno.language.asoft.Asoft$@1c7e990d,[C@20cfb9b8,Some(Success(Token(Symbol,43,1,,,true,Map()))),Some(Lexx(com.twilightfair.juno.language.asoft.Asoft$@1c7e990d,[C@20cfb9b8,Some(Success(Token(Integer,40,3,600,true,Map()))),Some(Lexx(com.twilightfair.juno.language.asoft.Asoft$@1c7e990d,[C@20cfb9b8,Some(Success(Token(Whitespace,39,1, ,true,Map()))),Some(Lexx(com.twilightfair.juno.language.asoft.Asoft$@1c7e990d,[C@20cfb9b8,Some(Success(Token(Symbol,38,1,,,true,Map()))),Some(Lexx(com.twilightfair.juno.language.asoft.Asoft$@1c7e990d,[C@20cfb9b8,Some(Success(Token(Integer,36,2,50,true,Map()))),Some(Lexx(com.twilightfair.juno.language.asoft.Asoft$@1c7e990d,[C@20cfb9b8,Some(Success(Token(Whitespace,35,1, ,true,Map()))),Some(Lexx(com.twilightfair.juno.language.asoft.Asoft$@1c7e990d,[C@20cfb9b8,Some(Success(Token(Symbol,34,1,,,true,Map()))),Some(Lexx(com.twilightfair.juno.language.asoft.Asoft$@1c7e990d,[C@20cfb9b8,Some(Success(Token(Integer,31,3,600,true,Map()))),Some(Lexx(com.twilightfair.juno.language.asoft.Asoft$@1c7e990d,[C@20cfb9b8,Some(Success(Token(Whitespace,30,1, ,true,Map()))),Some(Lexx(com.twilightfair.juno.language.asoft.Asoft$@1c7e990d,[C@20cfb9b8,Some(Success(Token(Symbol,29,1,,,true,Map()))),Some(Lexx(com.twilightfair.juno.language.asoft.Asoft$@1c7e990d,[C@20cfb9b8,Some(Success(Token(Integer,26,3,600,true,Map()))),Some(Lexx(com.twilightfair.juno.language.asoft.Asoft$@1c7e990d,[C@20cfb9b8,Some(Success(Token(Whitespace,25,1, ,true,Map()))),Some(Lexx(com.twilightfair.juno.language.asoft.Asoft$@1c7e990d,[C@20cfb9b8,Some(Success(Token(Keyword,20,5,GOSUB,true,Map()))),Some(Lexx(com.twilightfair.juno.language.asoft.Asoft$@1c7e990d,[C@20cfb9b8,Some(Success(Token(Whitespace,19,1, ,true,Map()))),Some(Lexx(com.twilightfair.juno.language.asoft.Asoft$@1c7e990d,[C@20cfb9b8,Some(Success(Token(Ident,17,2,X%,true,Map()))),Some(Lexx(com.twilightfair.juno.language.asoft.Asoft$@1c7e990d,[C@20cfb9b8,Some(Success(Token(Whitespace,16,1, ,true,Map()))),Some(Lexx(com.twilightfair.juno.language.asoft.Asoft$@1c7e990d,[C@20cfb9b8,Some(Success(Token(Keyword,14,2,ON,true,Map()))),Some(Lexx(com.twilightfair.juno.language.asoft.Asoft$@1c7e990d,[C@20cfb9b8,Some(Success(Token(Whitespace,13,1, ,true,Map()))),Some(Lexx(com.twilightfair.juno.language.asoft.Asoft$@1c7e990d,[C@20cfb9b8,Some(Success(Token(Integer,11,2,20,true,Map()))),Some(Lexx(com.twilightfair.juno.language.asoft.Asoft$@1c7e990d,[C@20cfb9b8,Some(Success(Token(Symbol,10,1,
,true,Map()))),Some(Lexx(com.twilightfair.juno.language.asoft.Asoft$@1c7e990d,[C@20cfb9b8,Some(Success(Token(Integer,9,1,3,true,Map()))),Some(Lexx(com.twilightfair.juno.language.asoft.Asoft$@1c7e990d,[C@20cfb9b8,Some(Success(Token(Whitespace,8,1, ,true,Map()))),Some(Lexx(com.twilightfair.juno.language.asoft.Asoft$@1c7e990d,[C@20cfb9b8,Some(Success(Token(Symbol,7,1,=,true,Map()))),Some(Lexx(com.twilightfair.juno.language.asoft.Asoft$@1c7e990d,[C@20cfb9b8,Some(Success(Token(Whitespace,6,1, ,true,Map()))),Some(Lexx(com.twilightfair.juno.language.asoft.Asoft$@1c7e990d,[C@20cfb9b8,Some(Success(Token(Ident,4,2,X%,true,Map()))),Some(Lexx(com.twilightfair.juno.language.asoft.Asoft$@1c7e990d,[C@20cfb9b8,Some(Success(Token(Whitespace,3,1, ,true,Map()))),Some(Lexx(com.twilightfair.juno.language.asoft.Asoft$@1c7e990d,[C@20cfb9b8,Some(Success(Token(Integer,1,2,10,true,Map()))),Some(Lexx(com.twilightfair.juno.language.asoft.Asoft$@1c7e990d,[C@20cfb9b8,Some(Success(Token(Symbol,0,1,
,true,Map()))),Some(Lexx(com.twilightfair.juno.language.asoft.Asoft$@1c7e990d,[C@20cfb9b8,None,None,0,1,0,0,true)),1,2,1,1,true)),3,2,1,2,true)),4,2,1,1,false)),6,2,1,2,false)),7,2,1,1,false)),8,2,1,1,false)),9,2,1,1,false)),10,2,1,1,false)),11,3,11,1,false)),13,3,11,2,true)),14,3,11,1,false)),16,3,11,2,false)),17,3,11,1,false)),19,3,11,2,false)),20,3,11,1,false)),25,3,11,5,false)),26,3,11,1,false)),29,3,11,3,false)),30,3,11,1,false)),31,3,11,1,false)),34,3,11,3,false)),35,3,11,1,false)),36,3,11,1,false)),38,3,11,2,false)),39,3,11,1,false)),40,3,11,1,false)),43,3,11,3,false)),44,3,11,1,false)),45,3,11,1,false)),48,3,11,3,false)),49,3,11,1,false)),50,3,11,1,false)),53,3,11,3,false)),54,3,11,1,false)),55,3,11,1,false)),58,3,11,3,false)),59,4,59,1,false)),61,4,59,2,true)),62,4,59,1,false)),67,4,59,5,false)),68,4,59,1,false)),75,4,59,7,false)),76,4,59,1,false)),77,5,77,1,false)),79,5,77,2,true)),80,5,77,1,false)),84,5,77,4,false)),85,5,77,1,false)),87,5,77,2,false)),88,6,88,1,false)),90,6,88,2,true)),91,6,88,1,false)),96,6,88,5,false)),97,6,88,1,false)),105,6,88,8,false)),106,6,88,1,false)),107,7,107,1,false)),109,7,107,2,true)),110,7,107,1,false)),116,7,107,6,false)),117,8,117,1,false)),119,8,117,2,true)),120,8,117,1,false)),125,8,117,5,false)),126,8,117,1,false)),129,8,117,3,false)),130,8,117,1,false))
DEBUG specs2.DefaultExecutionStrategy-2 Parser - infix parse success generated: Some(Element)
DEBUG specs2.DefaultExecutionStrategy-2 Parser - parseNextInfix
DEBUG specs2.DefaultExecutionStrategy-2 Lexx - Token(130, 9, 131, false}): Symbol: 

DEBUG specs2.DefaultExecutionStrategy-2 Parser - No infix token parsers returned from getNextTokenParser
DEBUG specs2.DefaultExecutionStrategy-2 Parser - prefix parse success generated: Element
DEBUG specs2.DefaultExecutionStrategy-2 Parser - parseNextInfix
DEBUG specs2.DefaultExecutionStrategy-2 Lexx - Token(130, 9, 131, false}): Symbol: 

DEBUG specs2.DefaultExecutionStrategy-2 Parser - No infix token parsers returned from getNextTokenParser
DEBUG specs2.DefaultExecutionStrategy-2 Parser - parse: 
        
DEBUG specs2.DefaultExecutionStrategy-2 Parser - parseNext
DEBUG specs2.DefaultExecutionStrategy-2 Lexx - Token(130, 9, 131, false}): Symbol: 

DEBUG specs2.DefaultExecutionStrategy-2 Parser - 1 prefix parsers found for token: Some(Token(Symbol,130,1,
,true,Map()))
DEBUG specs2.DefaultExecutionStrategy-2 Parser - parsing: Some(Token(Symbol,130,1,
,true,Map())) with parser LeafParser(<function1>,100)
DEBUG specs2.DefaultExecutionStrategy-2 Parser - prefix parse success generated: Element
DEBUG specs2.DefaultExecutionStrategy-2 Parser - parseNextInfix
DEBUG specs2.DefaultExecutionStrategy-2 Lexx - Token(131, 9, 131, false}): Whitespace:         
DEBUG specs2.DefaultExecutionStrategy-2 Parser - No infix token parsers returned from getNextTokenParser
DEBUG specs2.DefaultExecutionStrategy-2 Parser - parse:         
DEBUG specs2.DefaultExecutionStrategy-2 Parser - parseNext
DEBUG specs2.DefaultExecutionStrategy-2 Lexx - Token(131, 9, 131, false}): Whitespace:         
DEBUG specs2.DefaultExecutionStrategy-2 Parser - No prefix token parsers returned from getNextTokenParser
DEBUG specs2.DefaultExecutionStrategy-2 Parser - Error: Done: No more tokens
